This is pdfTeX, Version 3.141592653-2.6-1.40.25 (MiKTeX 23.5) (preloaded format=pdflatex 2023.8.14)  15 AUG 2023 19:16
entering extended mode
 restricted \write18 enabled.
 %&-line parsing enabled.
**./RefProject-Description.tex
(RefProject-Description.tex
LaTeX2e <2023-06-01> patch level 1
L3 programming layer <2023-06-16>
)
! Emergency stop.
<*> ./RefProject-Description.tex
                                
*** (job aborted, no legal \end found)

 
Here is how much of TeX's memory you used:
 18 strings out of 476036
 549 string characters out of 5780768
 1851763 words of memory out of 5000000
 20854 multiletter control sequences out of 15000+600000
 513387 words of font info for 34 fonts, out of 8000000 for 9000
 1141 hyphenation exceptions out of 8191
 13i,0n,12p,60b,9s stack positions out of 10000i,1000n,20000p,200000b,200000s
!  ==> Fatal error occurred, no output PDF file produced!
